<?xml version="1.0" encoding="UTF-8"?>
<testsuite name="com.spring.example.myfirstdemo.MyuserControllerTest" tests="3" skipped="0" failures="0" errors="0" timestamp="2021-12-11T09:57:59" hostname="MacBook-Pro.local" time="0.081">
  <properties/>
  <testcase name="getTeamDetails()" classname="com.spring.example.myfirstdemo.MyuserControllerTest" time="0.07"/>
  <testcase name="getNames()" classname="com.spring.example.myfirstdemo.MyuserControllerTest" time="0.006"/>
  <testcase name="getGreetings()" classname="com.spring.example.myfirstdemo.MyuserControllerTest" time="0.003"/>
  <system-out><![CDATA[2021-12-11 15:27:58.703  INFO 7415 --- [    Test worker] .b.t.c.SpringBootTestContextBootstrapper : Neither @ContextConfiguration nor @ContextHierarchy found for test class [com.spring.example.myfirstdemo.MyuserControllerTest], using SpringBootContextLoader
2021-12-11 15:27:58.703  INFO 7415 --- [    Test worker] o.s.t.c.support.AbstractContextLoader    : Could not detect default resource locations for test class [com.spring.example.myfirstdemo.MyuserControllerTest]: no resource found for suffixes {-context.xml, Context.groovy}.
2021-12-11 15:27:58.704  INFO 7415 --- [    Test worker] t.c.s.AnnotationConfigContextLoaderUtils : Could not detect default configuration classes for test class [com.spring.example.myfirstdemo.MyuserControllerTest]: MyuserControllerTest does not declare any static, non-private, non-final, nested classes annotated with @Configuration.
2021-12-11 15:27:58.707  INFO 7415 --- [    Test worker] .b.t.c.SpringBootTestContextBootstrapper : Found @SpringBootConfiguration com.spring.example.myfirstdemo.MyfirstdemoApplication for test class com.spring.example.myfirstdemo.MyuserControllerTest
2021-12-11 15:27:58.708  INFO 7415 --- [    Test worker] .b.t.c.SpringBootTestContextBootstrapper : Loaded default TestExecutionListener class names from location [META-INF/spring.factories]: [org.springframework.boot.test.autoconfigure.restdocs.RestDocsTestExecutionListener, org.springframework.boot.test.autoconfigure.web.client.MockRestServiceServerResetTestExecutionListener, org.springframework.boot.test.autoconfigure.web.servlet.MockMvcPrintOnlyOnFailureTestExecutionListener, org.springframework.boot.test.autoconfigure.web.servlet.WebDriverTestExecutionListener, org.springframework.boot.test.autoconfigure.webservices.client.MockWebServiceServerTestExecutionListener, org.springframework.boot.test.mock.mockito.MockitoTestExecutionListener, org.springframework.boot.test.mock.mockito.ResetMocksTestExecutionListener, org.springframework.test.context.web.ServletTestExecutionListener, org.springframework.test.context.support.DirtiesContextBeforeModesTestExecutionListener, org.springframework.test.context.support.DependencyInjectionTestExecutionListener, org.springframework.test.context.support.DirtiesContextTestExecutionListener, org.springframework.test.context.transaction.TransactionalTestExecutionListener, org.springframework.test.context.jdbc.SqlScriptsTestExecutionListener, org.springframework.test.context.event.EventPublishingTestExecutionListener]
2021-12-11 15:27:58.709  INFO 7415 --- [    Test worker] .b.t.c.SpringBootTestContextBootstrapper : Using TestExecutionListeners: [org.springframework.test.context.web.ServletTestExecutionListener@d95c57a, org.springframework.test.context.support.DirtiesContextBeforeModesTestExecutionListener@5a586f9d, org.springframework.boot.test.mock.mockito.MockitoTestExecutionListener@48fb44dd, org.springframework.boot.test.autoconfigure.SpringBootDependencyInjectionTestExecutionListener@5faa9540, org.springframework.test.context.support.DirtiesContextTestExecutionListener@7c3725da, org.springframework.test.context.event.EventPublishingTestExecutionListener@650a9946, org.springframework.boot.test.autoconfigure.restdocs.RestDocsTestExecutionListener@7745f496, org.springframework.boot.test.autoconfigure.web.client.MockRestServiceServerResetTestExecutionListener@7cce6fab, org.springframework.boot.test.autoconfigure.web.servlet.MockMvcPrintOnlyOnFailureTestExecutionListener@39929c1d, org.springframework.boot.test.autoconfigure.web.servlet.WebDriverTestExecutionListener@8e3e2c0, org.springframework.boot.test.autoconfigure.webservices.client.MockWebServiceServerTestExecutionListener@505a460e, org.springframework.boot.test.mock.mockito.ResetMocksTestExecutionListener@5f66c899]

  .   ____          _            __ _ _
 /\\ / ___'_ __ _ _(_)_ __  __ _ \ \ \ \
( ( )\___ | '_ | '_| | '_ \/ _` | \ \ \ \
 \\/  ___)| |_)| | | | | || (_| |  ) ) ) )
  '  |____| .__|_| |_|_| |_\__, | / / / /
 =========|_|==============|___/=/_/_/_/
 :: Spring Boot ::        (v2.3.1.RELEASE)

2021-12-11 15:27:58.727  INFO 7415 --- [    Test worker] c.s.e.myfirstdemo.MyuserControllerTest   : Starting MyuserControllerTest on MacBook-Pro.local with PID 7415 (started by venkataponnapalli in /Users/Shared/git/pgdo-devops-capstone-project)
2021-12-11 15:27:58.728  INFO 7415 --- [    Test worker] c.s.e.myfirstdemo.MyuserControllerTest   : No active profile set, falling back to default profiles: default
2021-12-11 15:27:58.981  INFO 7415 --- [    Test worker] o.s.s.concurrent.ThreadPoolTaskExecutor  : Initializing ExecutorService 'applicationTaskExecutor'
2021-12-11 15:27:59.088  INFO 7415 --- [    Test worker] o.s.b.t.m.w.SpringBootMockServletContext : Initializing Spring TestDispatcherServlet ''
2021-12-11 15:27:59.088  INFO 7415 --- [    Test worker] o.s.t.web.servlet.TestDispatcherServlet  : Initializing Servlet ''
2021-12-11 15:27:59.096  INFO 7415 --- [    Test worker] o.s.t.web.servlet.TestDispatcherServlet  : Completed initialization in 8 ms
2021-12-11 15:27:59.100  INFO 7415 --- [    Test worker] c.s.e.myfirstdemo.MyuserControllerTest   : Started MyuserControllerTest in 0.39 seconds (JVM running for 2.769)
]]></system-out>
  <system-err><![CDATA[]]></system-err>
</testsuite>
