<?xml version="1.0" encoding="UTF-8"?>
<testsuite name="com.spring.example.myfirstdemo.MyfirstdemoApplicationTests" tests="1" skipped="0" failures="0" errors="0" timestamp="2022-04-10T10:17:16" hostname="MacBook-Pro.local" time="0.577">
  <properties/>
  <testcase name="contextLoads()" classname="com.spring.example.myfirstdemo.MyfirstdemoApplicationTests" time="0.577"/>
  <system-out><![CDATA[15:47:13.861 [Test worker] DEBUG org.springframework.test.context.BootstrapUtils - Instantiating CacheAwareContextLoaderDelegate from class [org.springframework.test.context.cache.DefaultCacheAwareContextLoaderDelegate]
15:47:13.877 [Test worker] DEBUG org.springframework.test.context.BootstrapUtils - Instantiating BootstrapContext using constructor [public org.springframework.test.context.support.DefaultBootstrapContext(java.lang.Class,org.springframework.test.context.CacheAwareContextLoaderDelegate)]
15:47:13.922 [Test worker] DEBUG org.springframework.test.context.BootstrapUtils - Instantiating TestContextBootstrapper for test class [com.spring.example.myfirstdemo.MyfirstdemoApplicationTests] from class [org.springframework.boot.test.context.SpringBootTestContextBootstrapper]
15:47:13.951 [Test worker] INFO org.springframework.boot.test.context.SpringBootTestContextBootstrapper - Neither @ContextConfiguration nor @ContextHierarchy found for test class [com.spring.example.myfirstdemo.MyfirstdemoApplicationTests], using SpringBootContextLoader
15:47:13.956 [Test worker] DEBUG org.springframework.test.context.support.AbstractContextLoader - Did not detect default resource location for test class [com.spring.example.myfirstdemo.MyfirstdemoApplicationTests]: class path resource [com/spring/example/myfirstdemo/MyfirstdemoApplicationTests-context.xml] does not exist
15:47:13.958 [Test worker] DEBUG org.springframework.test.context.support.AbstractContextLoader - Did not detect default resource location for test class [com.spring.example.myfirstdemo.MyfirstdemoApplicationTests]: class path resource [com/spring/example/myfirstdemo/MyfirstdemoApplicationTestsContext.groovy] does not exist
15:47:13.958 [Test worker] INFO org.springframework.test.context.support.AbstractContextLoader - Could not detect default resource locations for test class [com.spring.example.myfirstdemo.MyfirstdemoApplicationTests]: no resource found for suffixes {-context.xml, Context.groovy}.
15:47:13.960 [Test worker] INFO org.springframework.test.context.support.AnnotationConfigContextLoaderUtils - Could not detect default configuration classes for test class [com.spring.example.myfirstdemo.MyfirstdemoApplicationTests]: MyfirstdemoApplicationTests does not declare any static, non-private, non-final, nested classes annotated with @Configuration.
15:47:14.011 [Test worker] DEBUG org.springframework.test.context.support.ActiveProfilesUtils - Could not find an 'annotation declaring class' for annotation type [org.springframework.test.context.ActiveProfiles] and class [com.spring.example.myfirstdemo.MyfirstdemoApplicationTests]
15:47:14.079 [Test worker] DEBUG org.springframework.context.annotation.ClassPathScanningCandidateComponentProvider - Identified candidate component class: file [/Users/venkataponnapalli/febatech-customer-pocs/pgdo-devops-capstone-project/build/classes/java/main/com/spring/example/myfirstdemo/MyfirstdemoApplication.class]
15:47:14.080 [Test worker] INFO org.springframework.boot.test.context.SpringBootTestContextBootstrapper - Found @SpringBootConfiguration com.spring.example.myfirstdemo.MyfirstdemoApplication for test class com.spring.example.myfirstdemo.MyfirstdemoApplicationTests
15:47:14.218 [Test worker] DEBUG org.springframework.boot.test.context.SpringBootTestContextBootstrapper - @TestExecutionListeners is not present for class [com.spring.example.myfirstdemo.MyfirstdemoApplicationTests]: using defaults.
15:47:14.219 [Test worker] INFO org.springframework.boot.test.context.SpringBootTestContextBootstrapper - Loaded default TestExecutionListener class names from location [META-INF/spring.factories]: [org.springframework.boot.test.autoconfigure.restdocs.RestDocsTestExecutionListener, org.springframework.boot.test.autoconfigure.web.client.MockRestServiceServerResetTestExecutionListener, org.springframework.boot.test.autoconfigure.web.servlet.MockMvcPrintOnlyOnFailureTestExecutionListener, org.springframework.boot.test.autoconfigure.web.servlet.WebDriverTestExecutionListener, org.springframework.boot.test.autoconfigure.webservices.client.MockWebServiceServerTestExecutionListener, org.springframework.boot.test.mock.mockito.MockitoTestExecutionListener, org.springframework.boot.test.mock.mockito.ResetMocksTestExecutionListener, org.springframework.test.context.web.ServletTestExecutionListener, org.springframework.test.context.support.DirtiesContextBeforeModesTestExecutionListener, org.springframework.test.context.support.DependencyInjectionTestExecutionListener, org.springframework.test.context.support.DirtiesContextTestExecutionListener, org.springframework.test.context.transaction.TransactionalTestExecutionListener, org.springframework.test.context.jdbc.SqlScriptsTestExecutionListener, org.springframework.test.context.event.EventPublishingTestExecutionListener]
15:47:14.233 [Test worker] DEBUG org.springframework.boot.test.context.SpringBootTestContextBootstrapper - Skipping candidate TestExecutionListener [org.springframework.test.context.transaction.TransactionalTestExecutionListener] due to a missing dependency. Specify custom listener classes or make the default listener classes and their required dependencies available. Offending class: [org/springframework/transaction/interceptor/TransactionAttributeSource]
15:47:14.234 [Test worker] DEBUG org.springframework.boot.test.context.SpringBootTestContextBootstrapper - Skipping candidate TestExecutionListener [org.springframework.test.context.jdbc.SqlScriptsTestExecutionListener] due to a missing dependency. Specify custom listener classes or make the default listener classes and their required dependencies available. Offending class: [org/springframework/transaction/interceptor/TransactionAttribute]
15:47:14.235 [Test worker] INFO org.springframework.boot.test.context.SpringBootTestContextBootstrapper - Using TestExecutionListeners: [org.springframework.test.context.web.ServletTestExecutionListener@63762ce8, org.springframework.test.context.support.DirtiesContextBeforeModesTestExecutionListener@3354deeb, org.springframework.boot.test.mock.mockito.MockitoTestExecutionListener@3668edec, org.springframework.boot.test.autoconfigure.SpringBootDependencyInjectionTestExecutionListener@425a744b, org.springframework.test.context.support.DirtiesContextTestExecutionListener@10190184, org.springframework.test.context.event.EventPublishingTestExecutionListener@52f26ea, org.springframework.boot.test.autoconfigure.restdocs.RestDocsTestExecutionListener@7459bc2e, org.springframework.boot.test.autoconfigure.web.client.MockRestServiceServerResetTestExecutionListener@653076c2, org.springframework.boot.test.autoconfigure.web.servlet.MockMvcPrintOnlyOnFailureTestExecutionListener@3dfd4ec1, org.springframework.boot.test.autoconfigure.web.servlet.WebDriverTestExecutionListener@411937e2, org.springframework.boot.test.autoconfigure.webservices.client.MockWebServiceServerTestExecutionListener@78984b23, org.springframework.boot.test.mock.mockito.ResetMocksTestExecutionListener@1ef8a494]
15:47:14.239 [Test worker] DEBUG org.springframework.test.context.support.AbstractDirtiesContextTestExecutionListener - Before test class: context [DefaultTestContext@4d17df3b testClass = MyfirstdemoApplicationTests, testInstance = [null], testMethod = [null], testException = [null], mergedContextConfiguration = [WebMergedContextConfiguration@68618af3 testClass = MyfirstdemoApplicationTests, locations = '{}', classes = '{class com.spring.example.myfirstdemo.MyfirstdemoApplication}', contextInitializerClasses = '[]', activeProfiles = '{}', propertySourceLocations = '{}', propertySourceProperties = '{org.springframework.boot.test.context.SpringBootTestContextBootstrapper=true}', contextCustomizers = set[org.springframework.boot.test.autoconfigure.properties.PropertyMappingContextCustomizer@0, org.springframework.boot.test.autoconfigure.web.servlet.WebDriverContextCustomizerFactory$Customizer@10d247a7, org.springframework.boot.test.context.filter.ExcludeFilterContextCustomizer@286e29ab, org.springframework.boot.test.json.DuplicateJsonObjectContextCustomizerFactory$DuplicateJsonObjectContextCustomizer@21ade7aa, org.springframework.boot.test.mock.mockito.MockitoContextCustomizer@0, org.springframework.boot.test.web.client.TestRestTemplateContextCustomizer@398ece53, org.springframework.boot.test.context.SpringBootTestArgs@1], resourceBasePath = 'src/main/webapp', contextLoader = 'org.springframework.boot.test.context.SpringBootContextLoader', parent = [null]], attributes = map['org.springframework.test.context.web.ServletTestExecutionListener.activateListener' -> true]], class annotated with @DirtiesContext [false] with mode [null].
15:47:14.271 [Test worker] DEBUG org.springframework.test.context.support.TestPropertySourceUtils - Adding inlined properties to environment: {spring.jmx.enabled=false, org.springframework.boot.test.context.SpringBootTestContextBootstrapper=true}

  .   ____          _            __ _ _
 /\\ / ___'_ __ _ _(_)_ __  __ _ \ \ \ \
( ( )\___ | '_ | '_| | '_ \/ _` | \ \ \ \
 \\/  ___)| |_)| | | | | || (_| |  ) ) ) )
  '  |____| .__|_| |_|_| |_\__, | / / / /
 =========|_|==============|___/=/_/_/_/
 :: Spring Boot ::        (v2.3.1.RELEASE)

2022-04-10 15:47:14.797  INFO 27958 --- [    Test worker] c.s.e.m.MyfirstdemoApplicationTests      : Starting MyfirstdemoApplicationTests on MacBook-Pro.local with PID 27958 (started by venkataponnapalli in /Users/venkataponnapalli/febatech-customer-pocs/pgdo-devops-capstone-project)
2022-04-10 15:47:14.799  INFO 27958 --- [    Test worker] c.s.e.m.MyfirstdemoApplicationTests      : No active profile set, falling back to default profiles: default
2022-04-10 15:47:16.156  INFO 27958 --- [    Test worker] o.s.s.concurrent.ThreadPoolTaskExecutor  : Initializing ExecutorService 'applicationTaskExecutor'
2022-04-10 15:47:16.469  INFO 27958 --- [    Test worker] c.s.e.m.MyfirstdemoApplicationTests      : Started MyfirstdemoApplicationTests in 2.186 seconds (JVM running for 3.652)
]]></system-out>
  <system-err><![CDATA[]]></system-err>
</testsuite>
