<?xml version="1.0" encoding="UTF-8"?>
<testsuite name="com.spring.example.myfirstdemo.MyfirstdemoApplicationTests" tests="1" skipped="0" failures="0" errors="0" timestamp="2021-12-13T09:11:43" hostname="MacBook-Pro.local" time="0.304">
  <properties/>
  <testcase name="contextLoads()" classname="com.spring.example.myfirstdemo.MyfirstdemoApplicationTests" time="0.304"/>
  <system-out><![CDATA[14:41:41.738 [Test worker] DEBUG org.springframework.test.context.BootstrapUtils - Instantiating CacheAwareContextLoaderDelegate from class [org.springframework.test.context.cache.DefaultCacheAwareContextLoaderDelegate]
14:41:41.749 [Test worker] DEBUG org.springframework.test.context.BootstrapUtils - Instantiating BootstrapContext using constructor [public org.springframework.test.context.support.DefaultBootstrapContext(java.lang.Class,org.springframework.test.context.CacheAwareContextLoaderDelegate)]
14:41:41.769 [Test worker] DEBUG org.springframework.test.context.BootstrapUtils - Instantiating TestContextBootstrapper for test class [com.spring.example.myfirstdemo.MyfirstdemoApplicationTests] from class [org.springframework.boot.test.context.SpringBootTestContextBootstrapper]
14:41:41.781 [Test worker] INFO org.springframework.boot.test.context.SpringBootTestContextBootstrapper - Neither @ContextConfiguration nor @ContextHierarchy found for test class [com.spring.example.myfirstdemo.MyfirstdemoApplicationTests], using SpringBootContextLoader
14:41:41.783 [Test worker] DEBUG org.springframework.test.context.support.AbstractContextLoader - Did not detect default resource location for test class [com.spring.example.myfirstdemo.MyfirstdemoApplicationTests]: class path resource [com/spring/example/myfirstdemo/MyfirstdemoApplicationTests-context.xml] does not exist
14:41:41.784 [Test worker] DEBUG org.springframework.test.context.support.AbstractContextLoader - Did not detect default resource location for test class [com.spring.example.myfirstdemo.MyfirstdemoApplicationTests]: class path resource [com/spring/example/myfirstdemo/MyfirstdemoApplicationTestsContext.groovy] does not exist
14:41:41.784 [Test worker] INFO org.springframework.test.context.support.AbstractContextLoader - Could not detect default resource locations for test class [com.spring.example.myfirstdemo.MyfirstdemoApplicationTests]: no resource found for suffixes {-context.xml, Context.groovy}.
14:41:41.785 [Test worker] INFO org.springframework.test.context.support.AnnotationConfigContextLoaderUtils - Could not detect default configuration classes for test class [com.spring.example.myfirstdemo.MyfirstdemoApplicationTests]: MyfirstdemoApplicationTests does not declare any static, non-private, non-final, nested classes annotated with @Configuration.
14:41:41.811 [Test worker] DEBUG org.springframework.test.context.support.ActiveProfilesUtils - Could not find an 'annotation declaring class' for annotation type [org.springframework.test.context.ActiveProfiles] and class [com.spring.example.myfirstdemo.MyfirstdemoApplicationTests]
14:41:41.845 [Test worker] DEBUG org.springframework.context.annotation.ClassPathScanningCandidateComponentProvider - Identified candidate component class: file [/Users/Shared/git/pgdo-devops-capstone-project/build/classes/java/main/com/spring/example/myfirstdemo/MyfirstdemoApplication.class]
14:41:41.845 [Test worker] INFO org.springframework.boot.test.context.SpringBootTestContextBootstrapper - Found @SpringBootConfiguration com.spring.example.myfirstdemo.MyfirstdemoApplication for test class com.spring.example.myfirstdemo.MyfirstdemoApplicationTests
14:41:41.907 [Test worker] DEBUG org.springframework.boot.test.context.SpringBootTestContextBootstrapper - @TestExecutionListeners is not present for class [com.spring.example.myfirstdemo.MyfirstdemoApplicationTests]: using defaults.
14:41:41.907 [Test worker] INFO org.springframework.boot.test.context.SpringBootTestContextBootstrapper - Loaded default TestExecutionListener class names from location [META-INF/spring.factories]: [org.springframework.boot.test.autoconfigure.restdocs.RestDocsTestExecutionListener, org.springframework.boot.test.autoconfigure.web.client.MockRestServiceServerResetTestExecutionListener, org.springframework.boot.test.autoconfigure.web.servlet.MockMvcPrintOnlyOnFailureTestExecutionListener, org.springframework.boot.test.autoconfigure.web.servlet.WebDriverTestExecutionListener, org.springframework.boot.test.autoconfigure.webservices.client.MockWebServiceServerTestExecutionListener, org.springframework.boot.test.mock.mockito.MockitoTestExecutionListener, org.springframework.boot.test.mock.mockito.ResetMocksTestExecutionListener, org.springframework.test.context.web.ServletTestExecutionListener, org.springframework.test.context.support.DirtiesContextBeforeModesTestExecutionListener, org.springframework.test.context.support.DependencyInjectionTestExecutionListener, org.springframework.test.context.support.DirtiesContextTestExecutionListener, org.springframework.test.context.transaction.TransactionalTestExecutionListener, org.springframework.test.context.jdbc.SqlScriptsTestExecutionListener, org.springframework.test.context.event.EventPublishingTestExecutionListener]
14:41:41.916 [Test worker] DEBUG org.springframework.boot.test.context.SpringBootTestContextBootstrapper - Skipping candidate TestExecutionListener [org.springframework.test.context.transaction.TransactionalTestExecutionListener] due to a missing dependency. Specify custom listener classes or make the default listener classes and their required dependencies available. Offending class: [org/springframework/transaction/interceptor/TransactionAttributeSource]
14:41:41.916 [Test worker] DEBUG org.springframework.boot.test.context.SpringBootTestContextBootstrapper - Skipping candidate TestExecutionListener [org.springframework.test.context.jdbc.SqlScriptsTestExecutionListener] due to a missing dependency. Specify custom listener classes or make the default listener classes and their required dependencies available. Offending class: [org/springframework/transaction/interceptor/TransactionAttribute]
14:41:41.917 [Test worker] INFO org.springframework.boot.test.context.SpringBootTestContextBootstrapper - Using TestExecutionListeners: [org.springframework.test.context.web.ServletTestExecutionListener@70b6190c, org.springframework.test.context.support.DirtiesContextBeforeModesTestExecutionListener@3ad8fdbc, org.springframework.boot.test.mock.mockito.MockitoTestExecutionListener@17f5910c, org.springframework.boot.test.autoconfigure.SpringBootDependencyInjectionTestExecutionListener@47bc93e6, org.springframework.test.context.support.DirtiesContextTestExecutionListener@7828c64, org.springframework.test.context.event.EventPublishingTestExecutionListener@7a4ab435, org.springframework.boot.test.autoconfigure.restdocs.RestDocsTestExecutionListener@410c3781, org.springframework.boot.test.autoconfigure.web.client.MockRestServiceServerResetTestExecutionListener@620cbfe5, org.springframework.boot.test.autoconfigure.web.servlet.MockMvcPrintOnlyOnFailureTestExecutionListener@717efe6c, org.springframework.boot.test.autoconfigure.web.servlet.WebDriverTestExecutionListener@5eba176a, org.springframework.boot.test.autoconfigure.webservices.client.MockWebServiceServerTestExecutionListener@7e2a8303, org.springframework.boot.test.mock.mockito.ResetMocksTestExecutionListener@79def8b4]
14:41:41.919 [Test worker] DEBUG org.springframework.test.context.support.AbstractDirtiesContextTestExecutionListener - Before test class: context [DefaultTestContext@697542fe testClass = MyfirstdemoApplicationTests, testInstance = [null], testMethod = [null], testException = [null], mergedContextConfiguration = [WebMergedContextConfiguration@6fbe4e80 testClass = MyfirstdemoApplicationTests, locations = '{}', classes = '{class com.spring.example.myfirstdemo.MyfirstdemoApplication}', contextInitializerClasses = '[]', activeProfiles = '{}', propertySourceLocations = '{}', propertySourceProperties = '{org.springframework.boot.test.context.SpringBootTestContextBootstrapper=true}', contextCustomizers = set[org.springframework.boot.test.autoconfigure.properties.PropertyMappingContextCustomizer@0, org.springframework.boot.test.autoconfigure.web.servlet.WebDriverContextCustomizerFactory$Customizer@7fea252c, org.springframework.boot.test.context.filter.ExcludeFilterContextCustomizer@1c217a66, org.springframework.boot.test.json.DuplicateJsonObjectContextCustomizerFactory$DuplicateJsonObjectContextCustomizer@65589a1f, org.springframework.boot.test.mock.mockito.MockitoContextCustomizer@0, org.springframework.boot.test.web.client.TestRestTemplateContextCustomizer@e9a016c, org.springframework.boot.test.context.SpringBootTestArgs@1], resourceBasePath = 'src/main/webapp', contextLoader = 'org.springframework.boot.test.context.SpringBootContextLoader', parent = [null]], attributes = map['org.springframework.test.context.web.ServletTestExecutionListener.activateListener' -> true]], class annotated with @DirtiesContext [false] with mode [null].
14:41:41.940 [Test worker] DEBUG org.springframework.test.context.support.TestPropertySourceUtils - Adding inlined properties to environment: {spring.jmx.enabled=false, org.springframework.boot.test.context.SpringBootTestContextBootstrapper=true}

  .   ____          _            __ _ _
 /\\ / ___'_ __ _ _(_)_ __  __ _ \ \ \ \
( ( )\___ | '_ | '_| | '_ \/ _` | \ \ \ \
 \\/  ___)| |_)| | | | | || (_| |  ) ) ) )
  '  |____| .__|_| |_|_| |_\__, | / / / /
 =========|_|==============|___/=/_/_/_/
 :: Spring Boot ::        (v2.3.1.RELEASE)

2021-12-13 14:41:42.306  INFO 3005 --- [    Test worker] c.s.e.m.MyfirstdemoApplicationTests      : Starting MyfirstdemoApplicationTests on MacBook-Pro.local with PID 3005 (started by venkataponnapalli in /Users/Shared/git/pgdo-devops-capstone-project)
2021-12-13 14:41:42.307  INFO 3005 --- [    Test worker] c.s.e.m.MyfirstdemoApplicationTests      : No active profile set, falling back to default profiles: default
2021-12-13 14:41:43.046  INFO 3005 --- [    Test worker] o.s.s.concurrent.ThreadPoolTaskExecutor  : Initializing ExecutorService 'applicationTaskExecutor'
2021-12-13 14:41:43.210  INFO 3005 --- [    Test worker] c.s.e.m.MyfirstdemoApplicationTests      : Started MyfirstdemoApplicationTests in 1.262 seconds (JVM running for 1.984)
]]></system-out>
  <system-err><![CDATA[]]></system-err>
</testsuite>
